Assignment_1_CE881/EComplain/app/build/outputs/logs/manifest-merger-release-report.txt
-- Merging decision tree log ---
manifest
ADDED from src\main\AndroidManifest.xml:2:1-91:12
INJECTED from src\main\AndroidManifest.xml:2:1-91:12
INJECTED from src\main\AndroidManifest.xml:2:1-91:12
INJECTED from src\main\AndroidManifest.xml:2:1-91:12
MERGED from [com.riyagayasen.android:easyaccordion:1.0.3] AndroidManifest.xml:2:1-17:12
MERGED from [com.miguelcatalan:materialsearchview:1.4.0] AndroidManifest.xml:2:1-13:12
MERGED from [com.karumi:dexter:5.0.0] AndroidManifest.xml:17:1-32:12
MERGED from [com.google.android.material:material:1.0.0] AndroidManifest.xml:17:1-24:12
MERGED from [com.github.GoodieBag:Pinview:v1.3] AndroidManifest.xml:2:1-17:12
MERGED from [com.aloj22.listenerswiperefreshlayout:library:1.0.0] AndroidManifest.xml:2:1-17:12
MERGED from [com.brucetoo.pickview:library:1.2.3] AndroidManifest.xml:2:1-17:12
MERGED from [net.gotev:uploadservice:2.1] AndroidManifest.xml:2:1-23:12
MERGED from [com.google.android.libraries.places:places:1.1.0] AndroidManifest.xml:2:1-26:12
MERGED from [androidx.appcompat:appcompat:1.0.0] AndroidManifest.xml:17:1-22:12
MERGED from [androidx.constraintlayout:constraintlayout:1.1.3] AndroidManifest.xml:2:1-11:12
MERGED from [androidx.cardview:cardview:1.0.0] AndroidManifest.xml:17:1-22:12
MERGED from [com.android.volley:volley:1.1.1] AndroidManifest.xml:2:1-11:12
MERGED from [androidx.recyclerview:recyclerview:1.0.0] AndroidManifest.xml:17:1-22:12
MERGED from [com.jakewharton:butterknife:10.0.0] AndroidManifest.xml:2:1-7:12
MERGED from [io.github.inflationx:calligraphy3:3.1.1] AndroidManifest.xml:2:1-13:12
MERGED from [io.github.inflationx:viewpump:2.0.3] AndroidManifest.xml:2:1-11:12
MERGED from [com.intuit.sdp:sdp-android:1.0.5] AndroidManifest.xml:2:1-11:12
MERGED from [com.intuit.ssp:ssp-android:1.0.5] AndroidManifest.xml:2:1-11:12
MERGED from [com.libizo:customedittext:1.0.2] AndroidManifest.xml:2:1-11:12
MERGED from [pl.droidsonroids.gif:android-gif-drawable:1.2.3] AndroidManifest.xml:2:1-11:12
MERGED from [de.hdodenhof:circleimageview:2.1.0] AndroidManifest.xml:2:1-11:12
MERGED from [com.google.android.gms:play-services-maps:16.1.0] AndroidManifest.xml:17:1-38:12
MERGED from [com.skyfishjy.ripplebackground:library:1.0.1] AndroidManifest.xml:2:1-13:12
MERGED from [com.google.android.gms:play-services-clearcut:16.0.0] AndroidManifest.xml:17:1-24:12
MERGED from [com.google.android.gms:play-services-location:16.0.0] AndroidManifest.xml:2:1-9:12
MERGED from [com.google.android.gms:play-services-phenotype:16.0.0] AndroidManifest.xml:17:1-24:12
MERGED from [com.google.android.gms:play-services-base:16.1.0] AndroidManifest.xml:17:1-29:12
MERGED from [com.google.android.gms:play-services-tasks:16.0.1] AndroidManifest.xml:2:1-9:12
MERGED from [com.google.android.gms:play-services-places-placereport:16.0.0] AndroidManifest.xml:17:1-24:12
MERGED from [com.google.android.gms:play-services-basement:16.2.0] AndroidManifest.xml:17:1-28:12
MERGED from [androidx.legacy:legacy-support-v4:1.0.0] AndroidManifest.xml:17:1-22:12
MERGED from [androidx.fragment:fragment:1.0.0] AndroidManifest.xml:17:1-22:12
MERGED from [androidx.vectordrawable:vectordrawable-animated:1.0.0] AndroidManifest.xml:17:1-22:12
MERGED from [androidx.legacy:legacy-support-core-ui:1.0.0] AndroidManifest.xml:17:1-22:12
MERGED from [androidx.legacy:legacy-support-core-utils:1.0.0] AndroidManifest.xml:17:1-22:12
MERGED from [androidx.vectordrawable:vectordrawable:1.0.0] AndroidManifest.xml:17:1-22:12
MERGED from [androidx.transition:transition:1.0.0] AndroidManifest.xml:17:1-22:12
MERGED from [com.jakewharton:butterknife-runtime:10.0.0] AndroidManifest.xml:2:1-7:12
MERGED from [androidx.loader:loader:1.0.0] AndroidManifest.xml:17:1-22:12
MERGED from [androidx.viewpager:viewpager:1.0.0] AndroidManifest.xml:17:1-22:12
MERGED from [androidx.coordinatorlayout:coordinatorlayout:1.0.0] AndroidManifest.xml:17:1-22:12
MERGED from [androidx.drawerlayout:drawerlayout:1.0.0] AndroidManifest.xml:17:1-22:12
MERGED from [androidx.slidingpanelayout:slidingpanelayout:1.0.0] AndroidManifest.xml:17:1-22:12
MERGED from [androidx.customview:customview:1.0.0] AndroidManifest.xml:17:1-22:12
MERGED from [androidx.swiperefreshlayout:swiperefreshlayout:1.0.0] AndroidManifest.xml:17:1-22:12
MERGED from [androidx.asynclayoutinflater:asynclayoutinflater:1.0.0] AndroidManifest.xml:17:1-22:12
MERGED from [androidx.media:media:1.0.0] AndroidManifest.xml:17:1-22:12
MERGED from [androidx.core:core:1.0.0] AndroidManifest.xml:17:1-24:12
MERGED from [androidx.versionedparcelable:versionedparcelable:1.0.0] AndroidManifest.xml:17:1-25:12
MERGED from [androidx.cursoradapter:cursoradapter:1.0.0] AndroidManifest.xml:17:1-22:12
MERGED from [androidx.lifecycle:lifecycle-runtime:2.0.0] AndroidManifest.xml:17:1-22:12
MERGED from [androidx.documentfile:documentfile:1.0.0] AndroidManifest.xml:17:1-22:12
MERGED from [androidx.localbroadcastmanager:localbroadcastmanager:1.0.0] AndroidManifest.xml:17:1-22:12
MERGED from [androidx.print:print:1.0.0] AndroidManifest.xml:17:1-22:12
MERGED from [androidx.lifecycle:lifecycle-viewmodel:2.0.0] AndroidManifest.xml:17:1-22:12
MERGED from [androidx.interpolator:interpolator:1.0.0] AndroidManifest.xml:17:1-22:12
MERGED from [com.github.bumptech.glide:glide:4.3.1] AndroidManifest.xml:2:1-12:12
MERGED from [androidx.lifecycle:lifecycle-livedata:2.0.0] AndroidManifest.xml:17:1-22:12
MERGED from [androidx.lifecycle:lifecycle-livedata-core:2.0.0] AndroidManifest.xml:17:1-22:12
MERGED from [androidx.arch.core:core-runtime:2.0.0] AndroidManifest.xml:17:1-22:12
INJECTED from src\main\AndroidManifest.xml:2:1-91:12
INJECTED from src\main\AndroidManifest.xml:2:1-91:12
INJECTED from src\main\AndroidManifest.xml:2:1-91:12
	package
		ADDED from src\main\AndroidManifest.xml:4:5-33
		INJECTED from src\main\AndroidManifest.xml
		INJECTED from src\main\AndroidManifest.xml
	android:versionName
		INJECTED from src\main\AndroidManifest.xml
		ADDED from src\main\AndroidManifest.xml:2:1-91:12
		INJECTED from src\main\AndroidManifest.xml
	xmlns:tools
		ADDED from src\main\AndroidManifest.xml:3:5-51
	android:versionCode
		INJECTED from src\main\AndroidManifest.xml
		ADDED from src\main\AndroidManifest.xml:2:1-91:12
		INJECTED from src\main\AndroidManifest.xml
	xmlns:android
		ADDED from src\main\AndroidManifest.xml:2:11-69
uses-permission#android.permission.INTERNET
ADDED from src\main\AndroidManifest.xml:6:5-67
MERGED from [net.gotev:uploadservice:2.1] AndroidManifest.xml:11:5-67
MERGED from [net.gotev:uploadservice:2.1] AndroidManifest.xml:11:5-67
MERGED from [com.google.android.libraries.places:places:1.1.0] AndroidManifest.xml:11:5-67
MERGED from [com.google.android.libraries.places:places:1.1.0] AndroidManifest.xml:11:5-67
MERGED from [com.google.android.gms:play-services-maps:16.1.0] AndroidManifest.xml:24:5-67
MERGED from [com.google.android.gms:play-services-maps:16.1.0] AndroidManifest.xml:24:5-67
	android:name
		ADDED from src\main\AndroidManifest.xml:6:22-64
uses-permission#android.permission.ACCESS_NETWORK_STATE
ADDED from src\main\AndroidManifest.xml:7:5-79
MERGED from [com.google.android.gms:play-services-maps:16.1.0] AndroidManifest.xml:23:5-79
MERGED from [com.google.android.gms:play-services-maps:16.1.0] AndroidManifest.xml:23:5-79
	android:name
		ADDED from src\main\AndroidManifest.xml:7:22-76
uses-permission#android.permission.ACCESS_FINE_LOCATION
ADDED from src\main\AndroidManifest.xml:8:5-79
MERGED from [com.google.android.libraries.places:places:1.1.0] AndroidManifest.xml:9:5-79
MERGED from [com.google.android.libraries.places:places:1.1.0] AndroidManifest.xml:9:5-79
	android:name
		ADDED from src\main\AndroidManifest.xml:8:22-76
uses-permission#android.permission.ACCESS_COARSE_LOCATION
ADDED from src\main\AndroidManifest.xml:9:5-81
	android:name
		ADDED from src\main\AndroidManifest.xml:9:22-78
application
ADDED from src\main\AndroidManifest.xml:11:5-89:19
MERGED from [com.riyagayasen.android:easyaccordion:1.0.3] AndroidManifest.xml:11:5-15:19
MERGED from [com.riyagayasen.android:easyaccordion:1.0.3] AndroidManifest.xml:11:5-15:19
MERGED from [com.miguelcatalan:materialsearchview:1.4.0] AndroidManifest.xml:11:5-20
MERGED from [com.miguelcatalan:materialsearchview:1.4.0] AndroidManifest.xml:11:5-20
MERGED from [com.karumi:dexter:5.0.0] AndroidManifest.xml:26:5-30:19
MERGED from [com.karumi:dexter:5.0.0] AndroidManifest.xml:26:5-30:19
MERGED from [com.google.android.material:material:1.0.0] AndroidManifest.xml:22:5-20
MERGED from [com.google.android.material:material:1.0.0] AndroidManifest.xml:22:5-20
MERGED from [com.github.GoodieBag:Pinview:v1.3] AndroidManifest.xml:11:5-15:19
MERGED from [com.github.GoodieBag:Pinview:v1.3] AndroidManifest.xml:11:5-15:19
MERGED from [com.aloj22.listenerswiperefreshlayout:library:1.0.0] AndroidManifest.xml:11:5-15:19
MERGED from [com.aloj22.listenerswiperefreshlayout:library:1.0.0] AndroidManifest.xml:11:5-15:19
MERGED from [com.brucetoo.pickview:library:1.2.3] AndroidManifest.xml:11:5-15:19
MERGED from [com.brucetoo.pickview:library:1.2.3] AndroidManifest.xml:11:5-15:19
MERGED from [net.gotev:uploadservice:2.1] AndroidManifest.xml:15:5-21:19
MERGED from [net.gotev:uploadservice:2.1] AndroidManifest.xml:15:5-21:19
MERGED from [com.google.android.libraries.places:places:1.1.0] AndroidManifest.xml:13:5-24:19
MERGED from [com.google.android.libraries.places:places:1.1.0] AndroidManifest.xml:13:5-24:19
MERGED from [androidx.constraintlayout:constraintlayout:1.1.3] AndroidManifest.xml:9:5-20
MERGED from [androidx.constraintlayout:constraintlayout:1.1.3] AndroidManifest.xml:9:5-20
MERGED from [com.android.volley:volley:1.1.1] AndroidManifest.xml:9:5-20
MERGED from [com.android.volley:volley:1.1.1] AndroidManifest.xml:9:5-20
MERGED from [io.github.inflationx:calligraphy3:3.1.1] AndroidManifest.xml:11:5-20
MERGED from [io.github.inflationx:calligraphy3:3.1.1] AndroidManifest.xml:11:5-20
MERGED from [io.github.inflationx:viewpump:2.0.3] AndroidManifest.xml:9:5-20
MERGED from [io.github.inflationx:viewpump:2.0.3] AndroidManifest.xml:9:5-20
MERGED from [de.hdodenhof:circleimageview:2.1.0] AndroidManifest.xml:9:5-20
MERGED from [de.hdodenhof:circleimageview:2.1.0] AndroidManifest.xml:9:5-20
MERGED from [com.google.android.gms:play-services-maps:16.1.0] AndroidManifest.xml:30:5-36:19
MERGED from [com.google.android.gms:play-services-maps:16.1.0] AndroidManifest.xml:30:5-36:19
MERGED from [com.skyfishjy.ripplebackground:library:1.0.1] AndroidManifest.xml:11:5-20
MERGED from [com.skyfishjy.ripplebackground:library:1.0.1] AndroidManifest.xml:11:5-20
MERGED from [com.google.android.gms:play-services-clearcut:16.0.0] AndroidManifest.xml:22:5-20
MERGED from [com.google.android.gms:play-services-clearcut:16.0.0] AndroidManifest.xml:22:5-20
MERGED from [com.google.android.gms:play-services-location:16.0.0] AndroidManifest.xml:7:5-20
MERGED from [com.google.android.gms:play-services-location:16.0.0] AndroidManifest.xml:7:5-20
MERGED from [com.google.android.gms:play-services-phenotype:16.0.0] AndroidManifest.xml:22:5-20
MERGED from [com.google.android.gms:play-services-phenotype:16.0.0] AndroidManifest.xml:22:5-20
MERGED from [com.google.android.gms:play-services-base:16.1.0] AndroidManifest.xml:22:5-27:19
MERGED from [com.google.android.gms:play-services-base:16.1.0] AndroidManifest.xml:22:5-27:19
MERGED from [com.google.android.gms:play-services-tasks:16.0.1] AndroidManifest.xml:7:5-20
MERGED from [com.google.android.gms:play-services-tasks:16.0.1] AndroidManifest.xml:7:5-20
MERGED from [com.google.android.gms:play-services-places-placereport:16.0.0] AndroidManifest.xml:22:5-20
MERGED from [com.google.android.gms:play-services-places-placereport:16.0.0] AndroidManifest.xml:22:5-20
MERGED from [com.google.android.gms:play-services-basement:16.2.0] AndroidManifest.xml:22:5-26:19
MERGED from [com.google.android.gms:play-services-basement:16.2.0] AndroidManifest.xml:22:5-26:19
MERGED from [androidx.core:core:1.0.0] AndroidManifest.xml:22:5-89
MERGED from [androidx.core:core:1.0.0] AndroidManifest.xml:22:5-89
MERGED from [androidx.versionedparcelable:versionedparcelable:1.0.0] AndroidManifest.xml:22:5-23:19
MERGED from [androidx.versionedparcelable:versionedparcelable:1.0.0] AndroidManifest.xml:22:5-23:19
MERGED from [com.github.bumptech.glide:glide:4.3.1] AndroidManifest.xml:10:5-20
MERGED from [com.github.bumptech.glide:glide:4.3.1] AndroidManifest.xml:10:5-20
	android:largeHeap
		ADDED from src\main\AndroidManifest.xml:20:9-33
	android:icon
		ADDED from src\main\AndroidManifest.xml:17:9-43
	android:networkSecurityConfig
		ADDED from src\main\AndroidManifest.xml:19:9-69
	android:supportsRtl
		ADDED from src\main\AndroidManifest.xml:21:9-35
	android:label
		ADDED from src\main\AndroidManifest.xml:18:9-41
	android:appComponentFactory
		ADDED from src\main\AndroidManifest.xml:16:9-53
		REJECTED from [androidx.core:core:1.0.0] AndroidManifest.xml:22:18-86
	android:allowClearUserData
		ADDED from src\main\AndroidManifest.xml:15:9-42
	android:vmSafeMode
		ADDED from src\main\AndroidManifest.xml:23:9-34
	android:allowBackup
		ADDED from src\main\AndroidManifest.xml:14:9-35
	android:theme
		ADDED from src\main\AndroidManifest.xml:22:9-40
	tools:replace
		ADDED from src\main\AndroidManifest.xml:24:9-52
	android:usesCleartextTraffic
		ADDED from src\main\AndroidManifest.xml:12:9-44
	android:name
		ADDED from src\main\AndroidManifest.xml:13:9-66
meta-data#com.google.android.geo.API_KEY
ADDED from src\main\AndroidManifest.xml:26:9-28:55
	android:value
		ADDED from src\main\AndroidManifest.xml:28:13-52
	android:name
		ADDED from src\main\AndroidManifest.xml:27:13-58
uses-library#org.apache.http.legacy
ADDED from src\main\AndroidManifest.xml:30:9-32:40
MERGED from [com.google.android.gms:play-services-maps:16.1.0] AndroidManifest.xml:33:9-35:40
MERGED from [com.google.android.gms:play-services-maps:16.1.0] AndroidManifest.xml:33:9-35:40
	android:required
		ADDED from src\main\AndroidManifest.xml:32:13-37
	android:name
		ADDED from src\main\AndroidManifest.xml:31:13-50
activity#com.demo.EComplain.Activity.MainActivity
ADDED from src\main\AndroidManifest.xml:34:9-37:59
	android:screenOrientation
		ADDED from src\main\AndroidManifest.xml:36:13-49
	android:theme
		ADDED from src\main\AndroidManifest.xml:37:13-56
	android:name
		ADDED from src\main\AndroidManifest.xml:35:13-68
activity#com.demo.EComplain.Activity.SplashScreenActivity
ADDED from src\main\AndroidManifest.xml:38:9-47:20
	android:screenOrientation
		ADDED from src\main\AndroidManifest.xml:40:13-49
	android:theme
		ADDED from src\main\AndroidManifest.xml:41:13-51
	android:name
		ADDED from src\main\AndroidManifest.xml:39:13-76
intent-filter#action:name:android.intent.action.MAIN+category:name:android.intent.category.LAUNCHER
ADDED from src\main\AndroidManifest.xml:42:13-46:29
action#android.intent.action.MAIN
ADDED from src\main\AndroidManifest.xml:43:17-69
	android:name
		ADDED from src\main\AndroidManifest.xml:43:25-66
category#android.intent.category.LAUNCHER
ADDED from src\main\AndroidManifest.xml:45:17-77
	android:name
		ADDED from src\main\AndroidManifest.xml:45:27-74
activity#com.demo.EComplain.Activity.LoginMainActivity
ADDED from src\main\AndroidManifest.xml:48:9-52:55
	android:screenOrientation
		ADDED from src\main\AndroidManifest.xml:50:13-49
	android:windowSoftInputMode
		ADDED from src\main\AndroidManifest.xml:52:13-52
	android:theme
		ADDED from src\main\AndroidManifest.xml:51:13-56
	android:name
		ADDED from src\main\AndroidManifest.xml:49:13-73
activity#com.demo.EComplain.Activity.RegisterMainActivity
ADDED from src\main\AndroidManifest.xml:53:9-57:55
	android:screenOrientation
		ADDED from src\main\AndroidManifest.xml:55:13-49
	android:windowSoftInputMode
		ADDED from src\main\AndroidManifest.xml:57:13-52
	android:theme
		ADDED from src\main\AndroidManifest.xml:56:13-56
	android:name
		ADDED from src\main\AndroidManifest.xml:54:13-76
activity#com.demo.EComplain.Activity.NoConnectionActivity
ADDED from src\main\AndroidManifest.xml:58:9-61:59
	android:screenOrientation
		ADDED from src\main\AndroidManifest.xml:60:13-49
	android:theme
		ADDED from src\main\AndroidManifest.xml:61:13-56
	android:name
		ADDED from src\main\AndroidManifest.xml:59:13-76
activity#com.demo.EComplain.Activity.ContactUsActivity
ADDED from src\main\AndroidManifest.xml:62:9-65:59
	android:screenOrientation
		ADDED from src\main\AndroidManifest.xml:64:13-49
	android:theme
		ADDED from src\main\AndroidManifest.xml:65:13-56
	android:name
		ADDED from src\main\AndroidManifest.xml:63:13-73
activity#com.demo.EComplain.Activity.AboutusActivity
ADDED from src\main\AndroidManifest.xml:66:9-69:59
	android:screenOrientation
		ADDED from src\main\AndroidManifest.xml:68:13-49
	android:theme
		ADDED from src\main\AndroidManifest.xml:69:13-56
	android:name
		ADDED from src\main\AndroidManifest.xml:67:13-71
activity#com.demo.EComplain.Activity.MyProfileActivity
ADDED from src\main\AndroidManifest.xml:70:9-73:59
	android:screenOrientation
		ADDED from src\main\AndroidManifest.xml:72:13-49
	android:theme
		ADDED from src\main\AndroidManifest.xml:73:13-56
	android:name
		ADDED from src\main\AndroidManifest.xml:71:13-73
activity#com.demo.EComplain.Activity.AddComplaintActivity
ADDED from src\main\AndroidManifest.xml:75:9-78:59
	android:screenOrientation
		ADDED from src\main\AndroidManifest.xml:77:13-49
	android:theme
		ADDED from src\main\AndroidManifest.xml:78:13-56
	android:name
		ADDED from src\main\AndroidManifest.xml:76:13-76
activity#com.demo.EComplain.Activity.AddComplaintDetailsActivity
ADDED from src\main\AndroidManifest.xml:80:9-84:20
	android:screenOrientation
		ADDED from src\main\AndroidManifest.xml:82:13-49
	android:theme
		ADDED from src\main\AndroidManifest.xml:83:13-56
	android:name
		ADDED from src\main\AndroidManifest.xml:81:13-83
activity#com.demo.EComplain.Activity.PlacePickerMapActivity
ADDED from src\main\AndroidManifest.xml:85:9-88:59
	android:screenOrientation
		ADDED from src\main\AndroidManifest.xml:87:13-49
	android:theme
		ADDED from src\main\AndroidManifest.xml:88:13-56
	android:name
		ADDED from src\main\AndroidManifest.xml:86:13-78
uses-sdk
INJECTED from src\main\AndroidManifest.xml reason: use-sdk injection requested
INJECTED from src\main\AndroidManifest.xml
INJECTED from src\main\AndroidManifest.xml
MERGED from [com.riyagayasen.android:easyaccordion:1.0.3] AndroidManifest.xml:7:5-9:41
MERGED from [com.riyagayasen.android:easyaccordion:1.0.3] AndroidManifest.xml:7:5-9:41
MERGED from [com.miguelcatalan:materialsearchview:1.4.0] AndroidManifest.xml:7:5-9:41
MERGED from [com.miguelcatalan:materialsearchview:1.4.0] AndroidManifest.xml:7:5-9:41
MERGED from [com.karumi:dexter:5.0.0] AndroidManifest.xml:22:5-24:41
MERGED from [com.karumi:dexter:5.0.0] AndroidManifest.xml:22:5-24:41
MERGED from [com.google.android.material:material:1.0.0] AndroidManifest.xml:20:5-44
MERGED from [com.google.android.material:material:1.0.0] AndroidManifest.xml:20:5-44
MERGED from [com.github.GoodieBag:Pinview:v1.3] AndroidManifest.xml:7:5-9:41
MERGED from [com.github.GoodieBag:Pinview:v1.3] AndroidManifest.xml:7:5-9:41
MERGED from [com.aloj22.listenerswiperefreshlayout:library:1.0.0] AndroidManifest.xml:7:5-9:41
MERGED from [com.aloj22.listenerswiperefreshlayout:library:1.0.0] AndroidManifest.xml:7:5-9:41
MERGED from [com.brucetoo.pickview:library:1.2.3] AndroidManifest.xml:7:5-9:41
MERGED from [com.brucetoo.pickview:library:1.2.3] AndroidManifest.xml:7:5-9:41
MERGED from [net.gotev:uploadservice:2.1] AndroidManifest.xml:7:5-9:41
MERGED from [net.gotev:uploadservice:2.1] AndroidManifest.xml:7:5-9:41
MERGED from [com.google.android.libraries.places:places:1.1.0] AndroidManifest.xml:7:5-44
MERGED from [com.google.android.libraries.places:places:1.1.0] AndroidManifest.xml:7:5-44
MERGED from [androidx.appcompat:appcompat:1.0.0] AndroidManifest.xml:20:5-44
MERGED from [androidx.appcompat:appcompat:1.0.0] AndroidManifest.xml:20:5-44
MERGED from [androidx.constraintlayout:constraintlayout:1.1.3] AndroidManifest.xml:5:5-7:41
MERGED from [androidx.constraintlayout:constraintlayout:1.1.3] AndroidManifest.xml:5:5-7:41
MERGED from [androidx.cardview:cardview:1.0.0] AndroidManifest.xml:20:5-44
MERGED from [androidx.cardview:cardview:1.0.0] AndroidManifest.xml:20:5-44
MERGED from [com.android.volley:volley:1.1.1] AndroidManifest.xml:7:5-43
MERGED from [com.android.volley:volley:1.1.1] AndroidManifest.xml:7:5-43
MERGED from [androidx.recyclerview:recyclerview:1.0.0] AndroidManifest.xml:20:5-44
MERGED from [androidx.recyclerview:recyclerview:1.0.0] AndroidManifest.xml:20:5-44
MERGED from [com.jakewharton:butterknife:10.0.0] AndroidManifest.xml:5:5-44
MERGED from [com.jakewharton:butterknife:10.0.0] AndroidManifest.xml:5:5-44
MERGED from [io.github.inflationx:calligraphy3:3.1.1] AndroidManifest.xml:7:5-9:41
MERGED from [io.github.inflationx:calligraphy3:3.1.1] AndroidManifest.xml:7:5-9:41
MERGED from [io.github.inflationx:viewpump:2.0.3] AndroidManifest.xml:5:5-7:41
MERGED from [io.github.inflationx:viewpump:2.0.3] AndroidManifest.xml:5:5-7:41
MERGED from [com.intuit.sdp:sdp-android:1.0.5] AndroidManifest.xml:7:5-9:41
MERGED from [com.intuit.sdp:sdp-android:1.0.5] AndroidManifest.xml:7:5-9:41
MERGED from [com.intuit.ssp:ssp-android:1.0.5] AndroidManifest.xml:7:5-9:41
MERGED from [com.intuit.ssp:ssp-android:1.0.5] AndroidManifest.xml:7:5-9:41
MERGED from [com.libizo:customedittext:1.0.2] AndroidManifest.xml:7:5-9:41
MERGED from [com.libizo:customedittext:1.0.2] AndroidManifest.xml:7:5-9:41
MERGED from [pl.droidsonroids.gif:android-gif-drawable:1.2.3] AndroidManifest.xml:7:5-9:41
MERGED from [pl.droidsonroids.gif:android-gif-drawable:1.2.3] AndroidManifest.xml:7:5-9:41
MERGED from [de.hdodenhof:circleimageview:2.1.0] AndroidManifest.xml:5:5-7:41
MERGED from [de.hdodenhof:circleimageview:2.1.0] AndroidManifest.xml:5:5-7:41
MERGED from [com.google.android.gms:play-services-maps:16.1.0] AndroidManifest.xml:20:5-44
MERGED from [com.google.android.gms:play-services-maps:16.1.0] AndroidManifest.xml:20:5-44
MERGED from [com.skyfishjy.ripplebackground:library:1.0.1] AndroidManifest.xml:7:5-9:41
MERGED from [com.skyfishjy.ripplebackground:library:1.0.1] AndroidManifest.xml:7:5-9:41
MERGED from [com.google.android.gms:play-services-clearcut:16.0.0] AndroidManifest.xml:20:5-44
MERGED from [com.google.android.gms:play-services-clearcut:16.0.0] AndroidManifest.xml:20:5-44
MERGED from [com.google.android.gms:play-services-location:16.0.0] AndroidManifest.xml:5:5-44
MERGED from [com.google.android.gms:play-services-location:16.0.0] AndroidManifest.xml:5:5-44
MERGED from [com.google.android.gms:play-services-phenotype:16.0.0] AndroidManifest.xml:20:5-44
MERGED from [com.google.android.gms:play-services-phenotype:16.0.0] AndroidManifest.xml:20:5-44
MERGED from [com.google.android.gms:play-services-base:16.1.0] AndroidManifest.xml:20:5-44
MERGED from [com.google.android.gms:play-services-base:16.1.0] AndroidManifest.xml:20:5-44
MERGED from [com.google.android.gms:play-services-tasks:16.0.1] AndroidManifest.xml:5:5-44
MERGED from [com.google.android.gms:play-services-tasks:16.0.1] AndroidManifest.xml:5:5-44
MERGED from [com.google.android.gms:play-services-places-placereport:16.0.0] AndroidManifest.xml:20:5-44
MERGED from [com.google.android.gms:play-services-places-placereport:16.0.0] AndroidManifest.xml:20:5-44
MERGED from [com.google.android.gms:play-services-basement:16.2.0] AndroidManifest.xml:20:5-44
MERGED from [com.google.android.gms:play-services-basement:16.2.0] AndroidManifest.xml:20:5-44
MERGED from [androidx.legacy:legacy-support-v4:1.0.0] AndroidManifest.xml:20:5-44
MERGED from [androidx.legacy:legacy-support-v4:1.0.0] AndroidManifest.xml:20:5-44
MERGED from [androidx.fragment:fragment:1.0.0] AndroidManifest.xml:20:5-44
MERGED from [androidx.fragment:fragment:1.0.0] AndroidManifest.xml:20:5-44
MERGED from [androidx.vectordrawable:vectordrawable-animated:1.0.0] AndroidManifest.xml:20:5-44
MERGED from [androidx.vectordrawable:vectordrawable-animated:1.0.0] AndroidManifest.xml:20:5-44
MERGED from [androidx.legacy:legacy-support-core-ui:1.0.0] AndroidManifest.xml:20:5-44
MERGED from [androidx.legacy:legacy-support-core-ui:1.0.0] AndroidManifest.xml:20:5-44
MERGED from [androidx.legacy:legacy-support-core-utils:1.0.0] AndroidManifest.xml:20:5-44
MERGED from [androidx.legacy:legacy-support-core-utils:1.0.0] AndroidManifest.xml:20:5-44
MERGED from [androidx.vectordrawable:vectordrawable:1.0.0] AndroidManifest.xml:20:5-44
MERGED from [androidx.vectordrawable:vectordrawable:1.0.0] AndroidManifest.xml:20:5-44
MERGED from [androidx.transition:transition:1.0.0] AndroidManifest.xml:20:5-44
MERGED from [androidx.transition:transition:1.0.0] AndroidManifest.xml:20:5-44
MERGED from [com.jakewharton:butterknife-runtime:10.0.0] AndroidManifest.xml:5:5-44
MERGED from [com.jakewharton:butterknife-runtime:10.0.0] AndroidManifest.xml:5:5-44
MERGED from [androidx.loader:loader:1.0.0] AndroidManifest.xml:20:5-44
MERGED from [androidx.loader:loader:1.0.0] AndroidManifest.xml:20:5-44
MERGED from [androidx.viewpager:viewpager:1.0.0] AndroidManifest.xml:20:5-44
MERGED from [androidx.viewpager:viewpager:1.0.0] AndroidManifest.xml:20:5-44
MERGED from [androidx.coordinatorlayout:coordinatorlayout:1.0.0] AndroidManifest.xml:20:5-44
MERGED from [androidx.coordinatorlayout:coordinatorlayout:1.0.0] AndroidManifest.xml:20:5-44
MERGED from [androidx.drawerlayout:drawerlayout:1.0.0] AndroidManifest.xml:20:5-44
MERGED from [androidx.drawerlayout:drawerlayout:1.0.0] AndroidManifest.xml:20:5-44
MERGED from [androidx.slidingpanelayout:slidingpanelayout:1.0.0] AndroidManifest.xml:20:5-44
MERGED from [androidx.slidingpanelayout:slidingpanelayout:1.0.0] AndroidManifest.xml:20:5-44
MERGED from [androidx.customview:customview:1.0.0] AndroidManifest.xml:20:5-44
MERGED from [androidx.customview:customview:1.0.0] AndroidManifest.xml:20:5-44
MERGED from [androidx.swiperefreshlayout:swiperefreshlayout:1.0.0] AndroidManifest.xml:20:5-44
MERGED from [androidx.swiperefreshlayout:swiperefreshlayout:1.0.0] AndroidManifest.xml:20:5-44
MERGED from [androidx.asynclayoutinflater:asynclayoutinflater:1.0.0] AndroidManifest.xml:20:5-44
MERGED from [androidx.asynclayoutinflater:asynclayoutinflater:1.0.0] AndroidManifest.xml:20:5-44
MERGED from [androidx.media:media:1.0.0] AndroidManifest.xml:20:5-44
MERGED from [androidx.media:media:1.0.0] AndroidManifest.xml:20:5-44
MERGED from [androidx.core:core:1.0.0] AndroidManifest.xml:20:5-44
MERGED from [androidx.core:core:1.0.0] AndroidManifest.xml:20:5-44
MERGED from [androidx.versionedparcelable:versionedparcelable:1.0.0] AndroidManifest.xml:20:5-44
MERGED from [androidx.versionedparcelable:versionedparcelable:1.0.0] AndroidManifest.xml:20:5-44
MERGED from [androidx.cursoradapter:cursoradapter:1.0.0] AndroidManifest.xml:20:5-44
MERGED from [androidx.cursoradapter:cursoradapter:1.0.0] AndroidManifest.xml:20:5-44
MERGED from [androidx.lifecycle:lifecycle-runtime:2.0.0] AndroidManifest.xml:20:5-44
MERGED from [androidx.lifecycle:lifecycle-runtime:2.0.0] AndroidManifest.xml:20:5-44
MERGED from [androidx.documentfile:documentfile:1.0.0] AndroidManifest.xml:20:5-44
MERGED from [androidx.documentfile:documentfile:1.0.0] AndroidManifest.xml:20:5-44
MERGED from [androidx.localbroadcastmanager:localbroadcastmanager:1.0.0] AndroidManifest.xml:20:5-44
MERGED from [androidx.localbroadcastmanager:localbroadcastmanager:1.0.0] AndroidManifest.xml:20:5-44
MERGED from [androidx.print:print:1.0.0] AndroidManifest.xml:20:5-44
MERGED from [androidx.print:print:1.0.0] AndroidManifest.xml:20:5-44
MERGED from [androidx.lifecycle:lifecycle-viewmodel:2.0.0] AndroidManifest.xml:20:5-44
MERGED from [androidx.lifecycle:lifecycle-viewmodel:2.0.0] AndroidManifest.xml:20:5-44
MERGED from [androidx.interpolator:interpolator:1.0.0] AndroidManifest.xml:20:5-44
MERGED from [androidx.interpolator:interpolator:1.0.0] AndroidManifest.xml:20:5-44
MERGED from [com.github.bumptech.glide:glide:4.3.1] AndroidManifest.xml:6:5-8:41
MERGED from [com.github.bumptech.glide:glide:4.3.1] AndroidManifest.xml:6:5-8:41
MERGED from [androidx.lifecycle:lifecycle-livedata:2.0.0] AndroidManifest.xml:20:5-44
MERGED from [androidx.lifecycle:lifecycle-livedata:2.0.0] AndroidManifest.xml:20:5-44
MERGED from [androidx.lifecycle:lifecycle-livedata-core:2.0.0] AndroidManifest.xml:20:5-44
MERGED from [androidx.lifecycle:lifecycle-livedata-core:2.0.0] AndroidManifest.xml:20:5-44
MERGED from [androidx.arch.core:core-runtime:2.0.0] AndroidManifest.xml:20:5-44
MERGED from [androidx.arch.core:core-runtime:2.0.0] AndroidManifest.xml:20:5-44
INJECTED from src\main\AndroidManifest.xml
INJECTED from src\main\AndroidManifest.xml
	android:targetSdkVersion
		INJECTED from src\main\AndroidManifest.xml
		ADDED from src\main\AndroidManifest.xml
		INJECTED from src\main\AndroidManifest.xml
	android:minSdkVersion
		INJECTED from src\main\AndroidManifest.xml
		ADDED from src\main\AndroidManifest.xml
		INJECTED from src\main\AndroidManifest.xml
activity#com.karumi.dexter.DexterActivity
ADDED from [com.karumi:dexter:5.0.0] AndroidManifest.xml:27:9-29:72
	android:theme
		ADDED from [com.karumi:dexter:5.0.0] AndroidManifest.xml:29:13-69
	android:name
		ADDED from [com.karumi:dexter:5.0.0] AndroidManifest.xml:28:13-60
uses-permission#android.permission.WRITE_EXTERNAL_STORAGE
ADDED from [net.gotev:uploadservice:2.1] AndroidManifest.xml:12:5-81
	android:name
		ADDED from [net.gotev:uploadservice:2.1] AndroidManifest.xml:12:22-78
uses-permission#android.permission.WAKE_LOCK
ADDED from [net.gotev:uploadservice:2.1] AndroidManifest.xml:13:5-68
	android:name
		ADDED from [net.gotev:uploadservice:2.1] AndroidManifest.xml:13:22-65
service#net.gotev.uploadservice.UploadService
ADDED from [net.gotev:uploadservice:2.1] AndroidManifest.xml:16:9-20:19
	android:enabled
		ADDED from [net.gotev:uploadservice:2.1] AndroidManifest.xml:18:13-35
	android:exported
		ADDED from [net.gotev:uploadservice:2.1] AndroidManifest.xml:19:13-36
	android:name